<?xml version="1.0" encoding="UTF-8"?>
<!-- Generated by org.testng.reporters.JUnitXMLReporter -->
<testsuite hostname="test-31da6b5549" ignored="1" name="Default test" tests="4" failures="0" timestamp="31 七月 2017 03:18:58 GMT" time="32.367" errors="0">
  <testcase name="f" time="3.786" classname="TestNG_framwork.DataProviderExe"/>
  <testcase name="f" time="3.107" classname="TestNG_framwork.DataProviderExe"/>
  <testcase name="JavaScriptOperate" time="8.488" classname="TestNG_framwork.JavaScriptEXE"/>
  <testcase name="f" time="0.0" classname="TestNG_framwork.suiteApply"/>
  <testcase name="Operate" time="0.0" classname="TestNG_framwork.JavaScriptEXE">
    <ignored/>
  </testcase> <!-- Operate -->
</testsuite> <!-- Default test -->
