<?xml version="1.0" encoding="UTF-8"?>
<testng-results skipped="0" failed="0" ignored="0" total="1" passed="1">
  <reporter-output>
  </reporter-output>
  <suite name="Default suite" duration-ms="31266" started-at="2013-12-26T16:31:00Z" finished-at="2013-12-26T16:31:31Z">
    <groups>
    </groups>
    <test name="Default test" duration-ms="31266" started-at="2013-12-26T16:31:00Z" finished-at="2013-12-26T16:31:31Z">
      <class name="Task.Homework20170723">
        <test-method status="PASS" signature="beforeClass()[pri:0, instance:Task.Homework20170723@9c4703]" name="beforeClass" is-config="true" duration-ms="1558" started-at="2013-12-27T00:31:00Z" finished-at="2013-12-27T00:31:01Z">
          <reporter-output>
          </reporter-output>
        </test-method> <!-- beforeClass -->
        <test-method status="PASS" signature="Operate()[pri:0, instance:Task.Homework20170723@9c4703]" name="Operate" duration-ms="25398" started-at="2013-12-27T00:31:01Z" finished-at="2013-12-27T00:31:26Z">
          <reporter-output>
          </reporter-output>
        </test-method> <!-- Operate -->
        <test-method status="PASS" signature="afterClass()[pri:0, instance:Task.Homework20170723@9c4703]" name="afterClass" is-config="true" duration-ms="4300" started-at="2013-12-27T00:31:26Z" finished-at="2013-12-27T00:31:31Z">
          <reporter-output>
          </reporter-output>
        </test-method> <!-- afterClass -->
      </class> <!-- Task.Homework20170723 -->
    </test> <!-- Default test -->
  </suite> <!-- Default suite -->
</testng-results>
